<?xml version="1.0" encoding="UTF-8"?>
<!-- Generated by org.testng.reporters.JUnitXMLReporter -->
<testsuite ignored="0" hostname="notebook-183" failures="0" tests="7" name="TestBase" time="289.675" errors="0" timestamp="2020-12-09T09:23:43 CLST">
  <testcase classname="cl.tecnova.qa.tests.TestConcepto" name="loginUsuario" time="29.217"/>
  <testcase classname="cl.tecnova.qa.tests.TestConcepto" name="loginPassIncorrecto" time="13.358"/>
  <testcase classname="cl.tecnova.qa.tests.TestConcepto" name="creacionTablero" time="29.062"/>
  <testcase classname="cl.tecnova.qa.tests.TestConcepto" name="crearListaEnTablero" time="31.934"/>
  <testcase classname="cl.tecnova.qa.tests.TestConcepto" name="editarTarjeta" time="44.989"/>
  <testcase classname="cl.tecnova.qa.tests.TestConcepto" name="moverTarjeta" time="32.239"/>
  <testcase classname="cl.tecnova.qa.tests.TestConcepto" name="eliminarTablero" time="34.987"/>
</testsuite> <!-- TestBase -->
