<?xml version="1.0" encoding="UTF-8"?>
<testsuite xmlns:xsi="http://www.w3.org/2001/XMLSchema-instance" xsi:noNamespaceSchemaLocation="https://maven.apache.org/surefire/maven-surefire-plugin/xsd/surefire-test-report-3.0.xsd" version="3.0" name="TestSuite" time="293.288" tests="7" errors="0" skipped="0" failures="0">
  <properties>
[...]
</properties>
  <testcase name="loginUsuario" classname="cl.tecnova.qa.tests.TestConcepto" time="29.227"/>
  <testcase name="loginPassIncorrecto" classname="cl.tecnova.qa.tests.TestConcepto" time="13.357"/>
  <testcase name="creacionTablero" classname="cl.tecnova.qa.tests.TestConcepto" time="29.063"/>
  <testcase name="crearListaEnTablero" classname="cl.tecnova.qa.tests.TestConcepto" time="31.936"/>
  <testcase name="editarTarjeta" classname="cl.tecnova.qa.tests.TestConcepto" time="44.988"/>
  <testcase name="moverTarjeta" classname="cl.tecnova.qa.tests.TestConcepto" time="32.24"/>
  <testcase name="eliminarTablero" classname="cl.tecnova.qa.tests.TestConcepto" time="34.979"/>
</testsuite>